<?xml version="1.0" encoding="UTF-8"?>
<!-- Generated by org.testng.reporters.JUnitReportReporter -->
<testsuite skipped="0" hostname="DESKTOP-KJI7EVB" name="org.testing.testCases.TC6_PostEmployeeRecord" tests="1" failures="0" timestamp="2023-03-29T21:55:59 AEDT" time="3.536" errors="0">
  <testcase name="testcase6" time="3.536" classname="org.testing.testCases.TC6_PostEmployeeRecord"/>
  <system-out/>
</testsuite> <!-- org.testing.testCases.TC6_PostEmployeeRecord -->
