<?xml version="1.0" encoding="UTF-8"?>
<!-- Generated by org.testng.reporters.JUnitReportReporter -->
<testsuite skipped="0" hostname="DESKTOP-KJI7EVB" name="org.testing.testCases.TC1_PostRequest" tests="1" failures="0" timestamp="2023-03-29T17:34:58 AEDT" time="7.008" errors="0">
  <testcase name="testcase1" time="7.008" classname="org.testing.testCases.TC1_PostRequest"/>
  <system-out/>
</testsuite> <!-- org.testing.testCases.TC1_PostRequest -->
