<?xml version="1.0" encoding="UTF-8"?>
<!-- Generated by org.testng.reporters.JUnitReportReporter -->
<testsuite skipped="0" hostname="DESKTOP-KJI7EVB" name="org.testing.testCases.TC4_UpdateRequest" tests="1" failures="0" timestamp="2023-03-29T17:34:58 AEDT" time="2.130" errors="0">
  <testcase name="testcase4" time="2.130" classname="org.testing.testCases.TC4_UpdateRequest"/>
  <system-out/>
</testsuite> <!-- org.testing.testCases.TC4_UpdateRequest -->
