<?xml version="1.0" encoding="UTF-8"?>
<!-- Generated by org.testng.reporters.JUnitReportReporter -->
<testsuite skipped="0" hostname="DESKTOP-KJI7EVB" name="org.testing.testCases.TC8_GetAllEmployees" tests="1" failures="0" timestamp="2023-03-29T21:57:08 AEDT" time="3.431" errors="0">
  <testcase name="testcase8" time="3.431" classname="org.testing.testCases.TC8_GetAllEmployees"/>
  <system-out/>
</testsuite> <!-- org.testing.testCases.TC8_GetAllEmployees -->
